2025-01-31 17:42:10 - Starting BancoTalentosBackendApplication using Java 17.0.12 with PID 18468 (C:\Users\USUARIO\Documents\Fractal\Banco de Talentos\BancoTalentosBackend\target\classes started by DENIS in C:\Users\USUARIO\Documents\Fractal\Banco de Talentos\BancoTalentosBackend)
2025-01-31 17:42:10 - The following 1 profile is active: "dev"
2025-01-31 17:42:10 - Bootstrapping Spring Data JPA repositories in DEFAULT mode.
2025-01-31 17:42:10 - Finished Spring Data repository scanning in 9 ms. Found 0 JPA repository interfaces.
2025-01-31 17:42:11 - Tomcat initialized with port 8080 (http)
2025-01-31 17:42:11 - Starting service [Tomcat]
2025-01-31 17:42:11 - Starting Servlet engine: [Apache Tomcat/10.1.34]
2025-01-31 17:42:11 - Initializing Spring embedded WebApplicationContext
2025-01-31 17:42:11 - Root WebApplicationContext: initialization completed in 766 ms
2025-01-31 17:42:11 - HHH000204: Processing PersistenceUnitInfo [name: default]
2025-01-31 17:42:11 - HHH000412: Hibernate ORM core version 6.6.5.Final
2025-01-31 17:42:11 - HHH000026: Second-level cache disabled
2025-01-31 17:42:11 - No LoadTimeWeaver setup: ignoring JPA class transformer
2025-01-31 17:42:11 - HHH90000025: SQLServerDialect does not need to be specified explicitly using 'hibernate.dialect' (remove the property setting and it will be selected by default)
2025-01-31 17:42:11 - HHH10001005: Database info:
	Database JDBC URL [undefined/unknown]
	Database driver: undefined/unknown
	Database version: 11.0
	Autocommit mode: undefined/unknown
	Isolation level: <unknown>
	Minimum pool size: undefined/unknown
	Maximum pool size: undefined/unknown
2025-01-31 17:42:12 - HHH000489: No JTA platform available (set 'hibernate.transaction.jta.platform' to enable JTA platform integration)
2025-01-31 17:42:12 - Initialized JPA EntityManagerFactory for persistence unit 'default'
2025-01-31 17:42:12 - spring.jpa.open-in-view is enabled by default. Therefore, database queries may be performed during view rendering. Explicitly configure spring.jpa.open-in-view to disable this warning
2025-01-31 17:42:12 - 2 mappings in 'requestMappingHandlerMapping'
2025-01-31 17:42:12 - Patterns [/webjars/**, /**] in 'resourceHandlerMapping'
2025-01-31 17:42:12 - ControllerAdvice beans: 0 @ModelAttribute, 0 @InitBinder, 1 RequestBodyAdvice, 1 ResponseBodyAdvice
2025-01-31 17:42:12 - ControllerAdvice beans: 0 @ExceptionHandler, 1 ResponseBodyAdvice
2025-01-31 17:42:12 - Tomcat started on port 8080 (http) with context path '/'
2025-01-31 17:42:12 - Started BancoTalentosBackendApplication in 2.216 seconds (process running for 2.711)
2025-01-31 17:43:14 - Commencing graceful shutdown. Waiting for active requests to complete
2025-01-31 17:43:14 - Graceful shutdown complete
2025-01-31 17:43:14 - Closing JPA EntityManagerFactory for persistence unit 'default'
2025-02-03 12:16:31 - Starting BancoTalentosBackendApplication using Java 21.0.4 with PID 13828 (D:\Job\java\Backend_BancoTalentos_v2.0\target\classes started by max12 in D:\Job\java\Backend_BancoTalentos_v2.0)
2025-02-03 12:16:31 - The following 1 profile is active: "dev"
2025-02-03 12:16:32 - Bootstrapping Spring Data JPA repositories in DEFAULT mode.
2025-02-03 12:16:32 - Finished Spring Data repository scanning in 15 ms. Found 0 JPA repository interfaces.
2025-02-03 12:16:32 - Tomcat initialized with port 8080 (http)
2025-02-03 12:16:32 - Starting service [Tomcat]
2025-02-03 12:16:32 - Starting Servlet engine: [Apache Tomcat/10.1.34]
2025-02-03 12:16:32 - Initializing Spring embedded WebApplicationContext
2025-02-03 12:16:32 - Root WebApplicationContext: initialization completed in 1137 ms
2025-02-03 12:16:32 - HHH000204: Processing PersistenceUnitInfo [name: default]
2025-02-03 12:16:32 - HHH000412: Hibernate ORM core version 6.6.5.Final
2025-02-03 12:16:32 - HHH000026: Second-level cache disabled
2025-02-03 12:16:33 - No LoadTimeWeaver setup: ignoring JPA class transformer
2025-02-03 12:16:33 - HHH90000025: SQLServerDialect does not need to be specified explicitly using 'hibernate.dialect' (remove the property setting and it will be selected by default)
2025-02-03 12:16:33 - HHH10001005: Database info:
	Database JDBC URL [undefined/unknown]
	Database driver: undefined/unknown
	Database version: 11.0
	Autocommit mode: undefined/unknown
	Isolation level: <unknown>
	Minimum pool size: undefined/unknown
	Maximum pool size: undefined/unknown
2025-02-03 12:16:33 - HHH000489: No JTA platform available (set 'hibernate.transaction.jta.platform' to enable JTA platform integration)
2025-02-03 12:16:33 - Initialized JPA EntityManagerFactory for persistence unit 'default'
2025-02-03 12:16:33 - spring.jpa.open-in-view is enabled by default. Therefore, database queries may be performed during view rendering. Explicitly configure spring.jpa.open-in-view to disable this warning
2025-02-03 12:16:33 - 5 mappings in 'requestMappingHandlerMapping'
2025-02-03 12:16:33 - Patterns [/webjars/**, /**] in 'resourceHandlerMapping'
2025-02-03 12:16:33 - ControllerAdvice beans: 0 @ModelAttribute, 0 @InitBinder, 1 RequestBodyAdvice, 1 ResponseBodyAdvice
2025-02-03 12:16:33 - ControllerAdvice beans: 0 @ExceptionHandler, 1 ResponseBodyAdvice
2025-02-03 12:16:33 - Tomcat started on port 8080 (http) with context path '/'
2025-02-03 12:16:33 - Started BancoTalentosBackendApplication in 3.083 seconds (process running for 3.842)
2025-02-03 12:19:19 - Initializing Spring DispatcherServlet 'dispatcherServlet'
2025-02-03 12:19:19 - Initializing Servlet 'dispatcherServlet'
2025-02-03 12:19:19 - Detected StandardServletMultipartResolver
2025-02-03 12:19:19 - Detected AcceptHeaderLocaleResolver
2025-02-03 12:19:19 - Detected FixedThemeResolver
2025-02-03 12:19:19 - Detected org.springframework.web.servlet.view.DefaultRequestToViewNameTranslator@6e4e60f5
2025-02-03 12:19:19 - Detected org.springframework.web.servlet.support.SessionFlashMapManager@c87787d
2025-02-03 12:19:19 - enableLoggingRequestDetails='false': request parameters and headers will be masked to prevent unsafe logging of potentially sensitive data
2025-02-03 12:19:19 - Completed initialization in 2 ms
2025-02-03 12:19:19 - POST "/bdt/auth/login", parameters={}
2025-02-03 12:19:19 - Mapped to com.bdt.bancotalentosbackend.controller.AuthController#login(AuthRequest)
2025-02-03 12:19:19 - Read "application/json;charset=UTF-8" to [AuthRequest(username=mcardenas, password=testpass)]
2025-02-03 12:19:19 - HikariPool-1 - Starting...
2025-02-03 12:19:19 - HikariPool-1 - Added connection ConnectionID:1 ClientConnectionId: e52008d5-600a-4380-906a-41e56b83b71f
2025-02-03 12:19:19 - HikariPool-1 - Start completed.
2025-02-03 12:19:20 - Using 'application/json', given [*/*] and supported [application/json, application/*+json]
2025-02-03 12:19:20 - Writing [AuthResponse(baseResponse=BaseResponse(idMensaje=2, mensaje=Las credenciales coinciden), token=eyJhb (truncated)...]
2025-02-03 12:19:20 - Completed 200 OK
2025-02-03 12:21:01 - GET "/bdt/talent/list?nPag=%7B1%7D", parameters={masked}
2025-02-03 12:21:01 - Mapped to com.bdt.bancotalentosbackend.controller.TalentsController#getTalents(Integer, String, String, Integer, Integer, HttpServletRequest)
2025-02-03 12:21:01 - Could not resolve parameter [0] in public org.springframework.http.ResponseEntity<com.bdt.bancotalentosbackend.model.response.TalentsListResponse> com.bdt.bancotalentosbackend.controller.TalentsController.getTalents(java.lang.Integer,java.lang.String,java.lang.String,java.lang.Integer,java.lang.Integer,jakarta.servlet.http.HttpServletRequest): Method parameter 'nPag': Failed to convert value of type 'java.lang.String' to required type 'java.lang.Integer'; For input string: "{1}"
2025-02-03 12:21:01 - Resolved [org.springframework.web.method.annotation.MethodArgumentTypeMismatchException: Method parameter 'nPag': Failed to convert value of type 'java.lang.String' to required type 'java.lang.Integer'; For input string: "{1}"]
2025-02-03 12:21:01 - Completed 400 BAD_REQUEST
2025-02-03 12:21:01 - "ERROR" dispatch for GET "/error?nPag=%7B1%7D", parameters={masked}
2025-02-03 12:21:01 - Mapped to org.springframework.boot.autoconfigure.web.servlet.error.BasicErrorController#error(HttpServletRequest)
2025-02-03 12:21:01 - Using 'application/json', given [*/*] and supported [application/json, application/*+json]
2025-02-03 12:21:01 - Writing [{timestamp=Mon Feb 03 12:21:01 PET 2025, status=400, error=Bad Request, path=/bdt/talent/list}]
2025-02-03 12:21:01 - Exiting from "ERROR" dispatch, status 400
2025-02-03 12:21:56 - GET "/bdt/talent/list?nPag=%7B1%7D&search=%7B%7D&techAbilities=%7B%7D&idEnglishLevel=%7B%7D&idTalentCollection=%7B%7D", parameters={masked}
2025-02-03 12:21:56 - Mapped to com.bdt.bancotalentosbackend.controller.TalentsController#getTalents(Integer, String, String, Integer, Integer, HttpServletRequest)
2025-02-03 12:21:56 - Could not resolve parameter [0] in public org.springframework.http.ResponseEntity<com.bdt.bancotalentosbackend.model.response.TalentsListResponse> com.bdt.bancotalentosbackend.controller.TalentsController.getTalents(java.lang.Integer,java.lang.String,java.lang.String,java.lang.Integer,java.lang.Integer,jakarta.servlet.http.HttpServletRequest): Method parameter 'nPag': Failed to convert value of type 'java.lang.String' to required type 'java.lang.Integer'; For input string: "{1}"
2025-02-03 12:21:56 - Resolved [org.springframework.web.method.annotation.MethodArgumentTypeMismatchException: Method parameter 'nPag': Failed to convert value of type 'java.lang.String' to required type 'java.lang.Integer'; For input string: "{1}"]
2025-02-03 12:21:56 - Completed 400 BAD_REQUEST
2025-02-03 12:21:56 - "ERROR" dispatch for GET "/error?nPag=%7B1%7D&search=%7B%7D&techAbilities=%7B%7D&idEnglishLevel=%7B%7D&idTalentCollection=%7B%7D", parameters={masked}
2025-02-03 12:21:56 - Mapped to org.springframework.boot.autoconfigure.web.servlet.error.BasicErrorController#error(HttpServletRequest)
2025-02-03 12:21:56 - Using 'application/json', given [*/*] and supported [application/json, application/*+json]
2025-02-03 12:21:56 - Writing [{timestamp=Mon Feb 03 12:21:56 PET 2025, status=400, error=Bad Request, path=/bdt/talent/list}]
2025-02-03 12:21:56 - Exiting from "ERROR" dispatch, status 400
2025-02-03 12:22:24 - GET "/bdt/talent/list?nPag=1&search=null&techAbilities=null&idEnglishLevel=null&idTalentCollection=null", parameters={masked}
2025-02-03 12:22:24 - Mapped to com.bdt.bancotalentosbackend.controller.TalentsController#getTalents(Integer, String, String, Integer, Integer, HttpServletRequest)
2025-02-03 12:22:24 - Could not resolve parameter [3] in public org.springframework.http.ResponseEntity<com.bdt.bancotalentosbackend.model.response.TalentsListResponse> com.bdt.bancotalentosbackend.controller.TalentsController.getTalents(java.lang.Integer,java.lang.String,java.lang.String,java.lang.Integer,java.lang.Integer,jakarta.servlet.http.HttpServletRequest): Method parameter 'idEnglishLevel': Failed to convert value of type 'java.lang.String' to required type 'java.lang.Integer'; For input string: "null"
2025-02-03 12:22:24 - Resolved [org.springframework.web.method.annotation.MethodArgumentTypeMismatchException: Method parameter 'idEnglishLevel': Failed to convert value of type 'java.lang.String' to required type 'java.lang.Integer'; For input string: "null"]
2025-02-03 12:22:24 - Completed 400 BAD_REQUEST
2025-02-03 12:22:24 - "ERROR" dispatch for GET "/error?nPag=1&search=null&techAbilities=null&idEnglishLevel=null&idTalentCollection=null", parameters={masked}
2025-02-03 12:22:24 - Mapped to org.springframework.boot.autoconfigure.web.servlet.error.BasicErrorController#error(HttpServletRequest)
2025-02-03 12:22:24 - Using 'application/json', given [*/*] and supported [application/json, application/*+json]
2025-02-03 12:22:24 - Writing [{timestamp=Mon Feb 03 12:22:24 PET 2025, status=400, error=Bad Request, path=/bdt/talent/list}]
2025-02-03 12:22:24 - Exiting from "ERROR" dispatch, status 400
2025-02-03 12:22:57 - GET "/bdt/talent/list?nPag=%7B1%7D&search=%7Bnull%7D&techAbilities=%7Bnull%7D&idEnglishLevel=%7Bnull%7D&idTalentCollection=%7Bnull%7D", parameters={masked}
2025-02-03 12:22:57 - Mapped to com.bdt.bancotalentosbackend.controller.TalentsController#getTalents(Integer, String, String, Integer, Integer, HttpServletRequest)
2025-02-03 12:22:57 - Could not resolve parameter [0] in public org.springframework.http.ResponseEntity<com.bdt.bancotalentosbackend.model.response.TalentsListResponse> com.bdt.bancotalentosbackend.controller.TalentsController.getTalents(java.lang.Integer,java.lang.String,java.lang.String,java.lang.Integer,java.lang.Integer,jakarta.servlet.http.HttpServletRequest): Method parameter 'nPag': Failed to convert value of type 'java.lang.String' to required type 'java.lang.Integer'; For input string: "{1}"
2025-02-03 12:22:57 - Resolved [org.springframework.web.method.annotation.MethodArgumentTypeMismatchException: Method parameter 'nPag': Failed to convert value of type 'java.lang.String' to required type 'java.lang.Integer'; For input string: "{1}"]
2025-02-03 12:22:57 - Completed 400 BAD_REQUEST
2025-02-03 12:22:57 - "ERROR" dispatch for GET "/error?nPag=%7B1%7D&search=%7Bnull%7D&techAbilities=%7Bnull%7D&idEnglishLevel=%7Bnull%7D&idTalentCollection=%7Bnull%7D", parameters={masked}
2025-02-03 12:22:57 - Mapped to org.springframework.boot.autoconfigure.web.servlet.error.BasicErrorController#error(HttpServletRequest)
2025-02-03 12:22:57 - Using 'application/json', given [*/*] and supported [application/json, application/*+json]
2025-02-03 12:22:57 - Writing [{timestamp=Mon Feb 03 12:22:57 PET 2025, status=400, error=Bad Request, path=/bdt/talent/list}]
2025-02-03 12:22:57 - Exiting from "ERROR" dispatch, status 400
2025-02-03 12:23:39 - GET "/bdt/talent/list?nPag=%7B1%7D&search=%7Bnull%7D&techAbilities=%7Bnull%7D&idEnglishLevel=%7Bnull%7D&idTalentCollection=%7Bnull%7D", parameters={masked}
2025-02-03 12:23:39 - Mapped to com.bdt.bancotalentosbackend.controller.TalentsController#getTalents(Integer, String, String, Integer, Integer, HttpServletRequest)
2025-02-03 12:23:39 - Could not resolve parameter [0] in public org.springframework.http.ResponseEntity<com.bdt.bancotalentosbackend.model.response.TalentsListResponse> com.bdt.bancotalentosbackend.controller.TalentsController.getTalents(java.lang.Integer,java.lang.String,java.lang.String,java.lang.Integer,java.lang.Integer,jakarta.servlet.http.HttpServletRequest): Method parameter 'nPag': Failed to convert value of type 'java.lang.String' to required type 'java.lang.Integer'; For input string: "{1}"
2025-02-03 12:23:39 - Resolved [org.springframework.web.method.annotation.MethodArgumentTypeMismatchException: Method parameter 'nPag': Failed to convert value of type 'java.lang.String' to required type 'java.lang.Integer'; For input string: "{1}"]
2025-02-03 12:23:39 - Completed 400 BAD_REQUEST
2025-02-03 12:23:39 - "ERROR" dispatch for GET "/error?nPag=%7B1%7D&search=%7Bnull%7D&techAbilities=%7Bnull%7D&idEnglishLevel=%7Bnull%7D&idTalentCollection=%7Bnull%7D", parameters={masked}
2025-02-03 12:23:39 - Mapped to org.springframework.boot.autoconfigure.web.servlet.error.BasicErrorController#error(HttpServletRequest)
2025-02-03 12:23:39 - Using 'application/json', given [*/*] and supported [application/json, application/*+json]
2025-02-03 12:23:39 - Writing [{timestamp=Mon Feb 03 12:23:39 PET 2025, status=400, error=Bad Request, path=/bdt/talent/list}]
2025-02-03 12:23:39 - Exiting from "ERROR" dispatch, status 400
2025-02-03 12:24:35 - GET "/bdt/talent/list?nPag=1&search=null&techAbilities=null&idEnglishLevel=null&idTalentCollection=null", parameters={masked}
2025-02-03 12:24:35 - Mapped to com.bdt.bancotalentosbackend.controller.TalentsController#getTalents(Integer, String, String, Integer, Integer, HttpServletRequest)
2025-02-03 12:24:35 - Could not resolve parameter [3] in public org.springframework.http.ResponseEntity<com.bdt.bancotalentosbackend.model.response.TalentsListResponse> com.bdt.bancotalentosbackend.controller.TalentsController.getTalents(java.lang.Integer,java.lang.String,java.lang.String,java.lang.Integer,java.lang.Integer,jakarta.servlet.http.HttpServletRequest): Method parameter 'idEnglishLevel': Failed to convert value of type 'java.lang.String' to required type 'java.lang.Integer'; For input string: "null"
2025-02-03 12:24:35 - Resolved [org.springframework.web.method.annotation.MethodArgumentTypeMismatchException: Method parameter 'idEnglishLevel': Failed to convert value of type 'java.lang.String' to required type 'java.lang.Integer'; For input string: "null"]
2025-02-03 12:24:35 - Completed 400 BAD_REQUEST
2025-02-03 12:24:35 - "ERROR" dispatch for GET "/error?nPag=1&search=null&techAbilities=null&idEnglishLevel=null&idTalentCollection=null", parameters={masked}
2025-02-03 12:24:35 - Mapped to org.springframework.boot.autoconfigure.web.servlet.error.BasicErrorController#error(HttpServletRequest)
2025-02-03 12:24:35 - Using 'application/json', given [*/*] and supported [application/json, application/*+json]
2025-02-03 12:24:35 - Writing [{timestamp=Mon Feb 03 12:24:35 PET 2025, status=400, error=Bad Request, path=/bdt/talent/list}]
2025-02-03 12:24:35 - Exiting from "ERROR" dispatch, status 400
2025-02-03 12:26:25 - Commencing graceful shutdown. Waiting for active requests to complete
2025-02-03 12:26:25 - Graceful shutdown complete
2025-02-03 12:26:25 - Closing JPA EntityManagerFactory for persistence unit 'default'
2025-02-03 12:26:25 - HikariPool-1 - Shutdown initiated...
2025-02-03 12:26:25 - HikariPool-1 - Shutdown completed.
2025-02-03 12:26:30 - Starting BancoTalentosBackendApplication using Java 21.0.4 with PID 13092 (D:\Job\java\Backend_BancoTalentos_v2.0\target\classes started by max12 in D:\Job\java\Backend_BancoTalentos_v2.0)
2025-02-03 12:26:30 - The following 1 profile is active: "dev"
2025-02-03 12:26:31 - Bootstrapping Spring Data JPA repositories in DEFAULT mode.
2025-02-03 12:26:31 - Finished Spring Data repository scanning in 13 ms. Found 0 JPA repository interfaces.
2025-02-03 12:26:31 - Tomcat initialized with port 8080 (http)
2025-02-03 12:26:31 - Starting service [Tomcat]
2025-02-03 12:26:31 - Starting Servlet engine: [Apache Tomcat/10.1.34]
2025-02-03 12:26:31 - Initializing Spring embedded WebApplicationContext
2025-02-03 12:26:31 - Root WebApplicationContext: initialization completed in 1039 ms
2025-02-03 12:26:31 - HHH000204: Processing PersistenceUnitInfo [name: default]
2025-02-03 12:26:31 - HHH000412: Hibernate ORM core version 6.6.5.Final
2025-02-03 12:26:31 - HHH000026: Second-level cache disabled
2025-02-03 12:26:32 - No LoadTimeWeaver setup: ignoring JPA class transformer
2025-02-03 12:26:32 - HHH90000025: SQLServerDialect does not need to be specified explicitly using 'hibernate.dialect' (remove the property setting and it will be selected by default)
2025-02-03 12:26:32 - HHH10001005: Database info:
	Database JDBC URL [undefined/unknown]
	Database driver: undefined/unknown
	Database version: 11.0
	Autocommit mode: undefined/unknown
	Isolation level: <unknown>
	Minimum pool size: undefined/unknown
	Maximum pool size: undefined/unknown
2025-02-03 12:26:32 - HHH000489: No JTA platform available (set 'hibernate.transaction.jta.platform' to enable JTA platform integration)
2025-02-03 12:26:32 - Initialized JPA EntityManagerFactory for persistence unit 'default'
2025-02-03 12:26:32 - spring.jpa.open-in-view is enabled by default. Therefore, database queries may be performed during view rendering. Explicitly configure spring.jpa.open-in-view to disable this warning
2025-02-03 12:26:32 - 5 mappings in 'requestMappingHandlerMapping'
2025-02-03 12:26:32 - Patterns [/webjars/**, /**] in 'resourceHandlerMapping'
2025-02-03 12:26:32 - ControllerAdvice beans: 0 @ModelAttribute, 0 @InitBinder, 1 RequestBodyAdvice, 1 ResponseBodyAdvice
2025-02-03 12:26:32 - ControllerAdvice beans: 0 @ExceptionHandler, 1 ResponseBodyAdvice
2025-02-03 12:26:32 - Tomcat started on port 8080 (http) with context path '/'
2025-02-03 12:26:32 - Started BancoTalentosBackendApplication in 2.847 seconds (process running for 3.396)
2025-02-03 12:26:38 - Initializing Spring DispatcherServlet 'dispatcherServlet'
2025-02-03 12:26:38 - Initializing Servlet 'dispatcherServlet'
2025-02-03 12:26:38 - Detected StandardServletMultipartResolver
2025-02-03 12:26:38 - Detected AcceptHeaderLocaleResolver
2025-02-03 12:26:38 - Detected FixedThemeResolver
2025-02-03 12:26:38 - Detected org.springframework.web.servlet.view.DefaultRequestToViewNameTranslator@7b64bbad
2025-02-03 12:26:38 - Detected org.springframework.web.servlet.support.SessionFlashMapManager@7252bdb
2025-02-03 12:26:38 - enableLoggingRequestDetails='false': request parameters and headers will be masked to prevent unsafe logging of potentially sensitive data
2025-02-03 12:26:38 - Completed initialization in 1 ms
2025-02-03 12:26:38 - GET "/bdt/talent/list?nPag=1&search=null&techAbilities=null&idEnglishLevel=null&idTalentCollection=null", parameters={masked}
2025-02-03 12:26:38 - Mapped to com.bdt.bancotalentosbackend.controller.TalentsController#getTalents(Integer, String, String, Integer, Integer, HttpServletRequest)
2025-02-03 12:26:38 - Could not resolve parameter [3] in public org.springframework.http.ResponseEntity<com.bdt.bancotalentosbackend.model.response.TalentsListResponse> com.bdt.bancotalentosbackend.controller.TalentsController.getTalents(java.lang.Integer,java.lang.String,java.lang.String,java.lang.Integer,java.lang.Integer,jakarta.servlet.http.HttpServletRequest): Method parameter 'idEnglishLevel': Failed to convert value of type 'java.lang.String' to required type 'java.lang.Integer'; For input string: "null"
2025-02-03 12:26:38 - Resolved [org.springframework.web.method.annotation.MethodArgumentTypeMismatchException: Method parameter 'idEnglishLevel': Failed to convert value of type 'java.lang.String' to required type 'java.lang.Integer'; For input string: "null"]
2025-02-03 12:26:38 - Completed 400 BAD_REQUEST
2025-02-03 12:26:38 - "ERROR" dispatch for GET "/error?nPag=1&search=null&techAbilities=null&idEnglishLevel=null&idTalentCollection=null", parameters={masked}
2025-02-03 12:26:38 - Mapped to org.springframework.boot.autoconfigure.web.servlet.error.BasicErrorController#error(HttpServletRequest)
2025-02-03 12:26:38 - Using 'application/json', given [*/*] and supported [application/json, application/*+json]
2025-02-03 12:26:38 - Writing [{timestamp=Mon Feb 03 12:26:38 PET 2025, status=400, error=Bad Request, path=/bdt/talent/list}]
2025-02-03 12:26:38 - Exiting from "ERROR" dispatch, status 400
2025-02-03 12:28:24 - GET "/bdt/talent/list?nPag=1", parameters={masked}
2025-02-03 12:28:24 - Mapped to com.bdt.bancotalentosbackend.controller.TalentsController#getTalents(Integer, String, String, Integer, Integer, HttpServletRequest)
2025-02-03 12:28:24 - HikariPool-1 - Starting...
2025-02-03 12:28:24 - HikariPool-1 - Added connection ConnectionID:1 ClientConnectionId: 6eba765a-8f68-4444-8a60-556d08e93cb4
2025-02-03 12:28:24 - HikariPool-1 - Start completed.
2025-02-03 12:28:24 - Using 'application/json', given [*/*] and supported [application/json, application/*+json]
2025-02-03 12:28:24 - Writing [TalentsListResponse(baseResponse=BaseResponse(idMensaje=3, mensaje=Cannot invoke "java.lang.Integer. (truncated)...]
2025-02-03 12:28:24 - Completed 500 INTERNAL_SERVER_ERROR
2025-02-03 12:35:03 - GET "/bdt/talent/list?nPag=1&search=null", parameters={masked}
2025-02-03 12:35:03 - Mapped to com.bdt.bancotalentosbackend.controller.TalentsController#getTalents(Integer, String, String, Integer, Integer, HttpServletRequest)
2025-02-03 12:35:03 - Using 'application/json', given [*/*] and supported [application/json, application/*+json]
2025-02-03 12:35:03 - Writing [TalentsListResponse(baseResponse=null, talents=null, total=null)]
2025-02-03 12:35:03 - Completed 200 OK
2025-02-03 12:35:14 - GET "/bdt/talent/list?nPag=1&search", parameters={masked}
2025-02-03 12:35:14 - Mapped to com.bdt.bancotalentosbackend.controller.TalentsController#getTalents(Integer, String, String, Integer, Integer, HttpServletRequest)
2025-02-03 12:35:14 - Using 'application/json', given [*/*] and supported [application/json, application/*+json]
2025-02-03 12:35:14 - Writing [TalentsListResponse(baseResponse=BaseResponse(idMensaje=3, mensaje=Cannot invoke "java.lang.Integer. (truncated)...]
2025-02-03 12:35:14 - Completed 500 INTERNAL_SERVER_ERROR
2025-02-03 12:36:04 - GET "/bdt/talent/list?nPag=1&search&techAbilities&idEnglishLevel&idTalentCollection", parameters={masked}
2025-02-03 12:36:04 - Mapped to com.bdt.bancotalentosbackend.controller.TalentsController#getTalents(Integer, String, String, Integer, Integer, HttpServletRequest)
2025-02-03 12:36:04 - Using 'application/json', given [*/*] and supported [application/json, application/*+json]
2025-02-03 12:36:04 - Writing [TalentsListResponse(baseResponse=null, talents=null, total=null)]
2025-02-03 12:36:04 - Completed 200 OK
2025-02-03 12:41:10 - Commencing graceful shutdown. Waiting for active requests to complete
2025-02-03 12:41:10 - Graceful shutdown complete
2025-02-03 12:41:10 - Closing JPA EntityManagerFactory for persistence unit 'default'
2025-02-03 12:41:10 - HikariPool-1 - Shutdown initiated...
2025-02-03 12:41:10 - HikariPool-1 - Shutdown completed.
2025-02-03 12:41:15 - Starting BancoTalentosBackendApplication using Java 21.0.4 with PID 4928 (D:\Job\java\Backend_BancoTalentos_v2.0\target\classes started by max12 in D:\Job\java\Backend_BancoTalentos_v2.0)
2025-02-03 12:41:15 - The following 1 profile is active: "dev"
2025-02-03 12:41:15 - Bootstrapping Spring Data JPA repositories in DEFAULT mode.
2025-02-03 12:41:15 - Finished Spring Data repository scanning in 14 ms. Found 0 JPA repository interfaces.
2025-02-03 12:41:16 - Tomcat initialized with port 8080 (http)
2025-02-03 12:41:16 - Starting service [Tomcat]
2025-02-03 12:41:16 - Starting Servlet engine: [Apache Tomcat/10.1.34]
2025-02-03 12:41:16 - Initializing Spring embedded WebApplicationContext
2025-02-03 12:41:16 - Root WebApplicationContext: initialization completed in 1035 ms
2025-02-03 12:41:16 - HHH000204: Processing PersistenceUnitInfo [name: default]
2025-02-03 12:41:16 - HHH000412: Hibernate ORM core version 6.6.5.Final
2025-02-03 12:41:16 - HHH000026: Second-level cache disabled
2025-02-03 12:41:16 - No LoadTimeWeaver setup: ignoring JPA class transformer
2025-02-03 12:41:16 - HHH90000025: SQLServerDialect does not need to be specified explicitly using 'hibernate.dialect' (remove the property setting and it will be selected by default)
2025-02-03 12:41:16 - HHH10001005: Database info:
	Database JDBC URL [undefined/unknown]
	Database driver: undefined/unknown
	Database version: 11.0
	Autocommit mode: undefined/unknown
	Isolation level: <unknown>
	Minimum pool size: undefined/unknown
	Maximum pool size: undefined/unknown
2025-02-03 12:41:16 - HHH000489: No JTA platform available (set 'hibernate.transaction.jta.platform' to enable JTA platform integration)
2025-02-03 12:41:16 - Initialized JPA EntityManagerFactory for persistence unit 'default'
2025-02-03 12:41:17 - spring.jpa.open-in-view is enabled by default. Therefore, database queries may be performed during view rendering. Explicitly configure spring.jpa.open-in-view to disable this warning
2025-02-03 12:41:17 - 5 mappings in 'requestMappingHandlerMapping'
2025-02-03 12:41:17 - Patterns [/webjars/**, /**] in 'resourceHandlerMapping'
2025-02-03 12:41:17 - ControllerAdvice beans: 0 @ModelAttribute, 0 @InitBinder, 1 RequestBodyAdvice, 1 ResponseBodyAdvice
2025-02-03 12:41:17 - ControllerAdvice beans: 0 @ExceptionHandler, 1 ResponseBodyAdvice
2025-02-03 12:41:17 - Tomcat started on port 8080 (http) with context path '/'
2025-02-03 12:41:17 - Started BancoTalentosBackendApplication in 2.779 seconds (process running for 3.338)
2025-02-03 12:42:33 - Initializing Spring DispatcherServlet 'dispatcherServlet'
2025-02-03 12:42:33 - Initializing Servlet 'dispatcherServlet'
2025-02-03 12:42:33 - Detected StandardServletMultipartResolver
2025-02-03 12:42:33 - Detected AcceptHeaderLocaleResolver
2025-02-03 12:42:33 - Detected FixedThemeResolver
2025-02-03 12:42:33 - Detected org.springframework.web.servlet.view.DefaultRequestToViewNameTranslator@7252bdb
2025-02-03 12:42:33 - Detected org.springframework.web.servlet.support.SessionFlashMapManager@5bad555b
2025-02-03 12:42:33 - enableLoggingRequestDetails='false': request parameters and headers will be masked to prevent unsafe logging of potentially sensitive data
2025-02-03 12:42:33 - Completed initialization in 2 ms
2025-02-03 12:42:33 - GET "/bdt/talent/list?nPag=1&search&techAbilities&idEnglishLevel&idTalentCollection", parameters={masked}
2025-02-03 12:42:33 - Mapped to com.bdt.bancotalentosbackend.controller.TalentsController#getTalents(Integer, String, String, Integer, Integer, HttpServletRequest)
2025-02-03 12:42:33 - HikariPool-1 - Starting...
2025-02-03 12:42:34 - HikariPool-1 - Added connection ConnectionID:1 ClientConnectionId: b1a5a411-c0a4-4f04-968b-a4188d39358d
2025-02-03 12:42:34 - HikariPool-1 - Start completed.
2025-02-03 12:42:34 - Using 'application/json', given [*/*] and supported [application/json, application/*+json]
2025-02-03 12:42:34 - Writing [TalentsListResponse(baseResponse=null, talents=null, total=null)]
2025-02-03 12:42:34 - Completed 200 OK
2025-02-03 12:42:40 - GET "/bdt/talent/list?nPag&search&techAbilities&idEnglishLevel&idTalentCollection", parameters={masked}
2025-02-03 12:42:40 - Mapped to com.bdt.bancotalentosbackend.controller.TalentsController#getTalents(Integer, String, String, Integer, Integer, HttpServletRequest)
2025-02-03 12:42:40 - Using 'application/json', given [*/*] and supported [application/json, application/*+json]
2025-02-03 12:42:40 - Writing [TalentsListResponse(baseResponse=null, talents=null, total=null)]
2025-02-03 12:42:40 - Completed 200 OK
2025-02-03 12:44:13 - GET "/bdt/talent/list?nPag&search&techAbilities&idEnglishLevel&idTalentCollection", parameters={masked}
2025-02-03 12:44:13 - Mapped to com.bdt.bancotalentosbackend.controller.TalentsController#getTalents(Integer, String, String, Integer, Integer, HttpServletRequest)
2025-02-03 12:44:13 - Using 'application/json', given [*/*] and supported [application/json, application/*+json]
2025-02-03 12:44:13 - Writing [TalentsListResponse(baseResponse=BaseResponse(idMensaje=2, mensaje=Se realizó la consulta correctame (truncated)...]
2025-02-03 12:44:13 - Completed 200 OK
2025-02-03 12:44:24 - GET "/bdt/talent/list?nPag=1&search&techAbilities&idEnglishLevel&idTalentCollection", parameters={masked}
2025-02-03 12:44:24 - Mapped to com.bdt.bancotalentosbackend.controller.TalentsController#getTalents(Integer, String, String, Integer, Integer, HttpServletRequest)
2025-02-03 12:44:24 - Using 'application/json', given [*/*] and supported [application/json, application/*+json]
2025-02-03 12:44:24 - Writing [TalentsListResponse(baseResponse=BaseResponse(idMensaje=2, mensaje=Se realizó la consulta correctame (truncated)...]
2025-02-03 12:44:24 - Completed 200 OK
2025-02-03 12:45:40 - GET "/bdt/talent/list?nPag=1", parameters={masked}
2025-02-03 12:45:40 - Mapped to com.bdt.bancotalentosbackend.controller.TalentsController#getTalents(Integer, String, String, Integer, Integer, HttpServletRequest)
2025-02-03 12:45:41 - Using 'application/json', given [*/*] and supported [application/json, application/*+json]
2025-02-03 12:45:41 - Writing [TalentsListResponse(baseResponse=BaseResponse(idMensaje=3, mensaje=class java.math.BigDecimal cannot (truncated)...]
2025-02-03 12:45:41 - Completed 500 INTERNAL_SERVER_ERROR
2025-02-03 12:47:34 - GET "/bdt/talent/list?nPag=1", parameters={masked}
2025-02-03 12:47:34 - Mapped to com.bdt.bancotalentosbackend.controller.TalentsController#getTalents(Integer, String, String, Integer, Integer, HttpServletRequest)
2025-02-03 12:47:34 - Using 'application/json', given [*/*] and supported [application/json, application/*+json]
2025-02-03 12:47:34 - Writing [TalentsListResponse(baseResponse=BaseResponse(idMensaje=2, mensaje=Se realizó la consulta correctame (truncated)...]
2025-02-03 12:47:34 - Completed 200 OK
2025-02-03 12:48:31 - Commencing graceful shutdown. Waiting for active requests to complete
2025-02-03 12:48:31 - Graceful shutdown complete
2025-02-03 12:48:31 - Closing JPA EntityManagerFactory for persistence unit 'default'
2025-02-03 12:48:31 - HikariPool-1 - Shutdown initiated...
2025-02-03 12:48:31 - HikariPool-1 - Shutdown completed.
2025-02-03 17:19:22 - Starting BancoTalentosBackendApplication using Java 21.0.4 with PID 7968 (D:\Job\java\Backend_BancoTalentos_v2.0\target\classes started by max12 in D:\Job\java\Backend_BancoTalentos_v2.0)
2025-02-03 17:19:22 - The following 1 profile is active: "dev"
2025-02-03 17:19:23 - Bootstrapping Spring Data JPA repositories in DEFAULT mode.
2025-02-03 17:19:23 - Finished Spring Data repository scanning in 14 ms. Found 0 JPA repository interfaces.
2025-02-03 17:19:24 - Tomcat initialized with port 8080 (http)
2025-02-03 17:19:24 - Starting service [Tomcat]
2025-02-03 17:19:24 - Starting Servlet engine: [Apache Tomcat/10.1.34]
2025-02-03 17:19:24 - Initializing Spring embedded WebApplicationContext
2025-02-03 17:19:24 - Root WebApplicationContext: initialization completed in 1422 ms
2025-02-03 17:19:24 - HHH000204: Processing PersistenceUnitInfo [name: default]
2025-02-03 17:19:24 - HHH000412: Hibernate ORM core version 6.6.5.Final
2025-02-03 17:19:24 - HHH000026: Second-level cache disabled
2025-02-03 17:19:24 - No LoadTimeWeaver setup: ignoring JPA class transformer
2025-02-03 17:19:24 - HHH90000025: SQLServerDialect does not need to be specified explicitly using 'hibernate.dialect' (remove the property setting and it will be selected by default)
2025-02-03 17:19:24 - HHH10001005: Database info:
	Database JDBC URL [undefined/unknown]
	Database driver: undefined/unknown
	Database version: 11.0
	Autocommit mode: undefined/unknown
	Isolation level: <unknown>
	Minimum pool size: undefined/unknown
	Maximum pool size: undefined/unknown
2025-02-03 17:19:25 - HHH000489: No JTA platform available (set 'hibernate.transaction.jta.platform' to enable JTA platform integration)
2025-02-03 17:19:25 - Initialized JPA EntityManagerFactory for persistence unit 'default'
2025-02-03 17:19:25 - spring.jpa.open-in-view is enabled by default. Therefore, database queries may be performed during view rendering. Explicitly configure spring.jpa.open-in-view to disable this warning
2025-02-03 17:19:25 - 6 mappings in 'requestMappingHandlerMapping'
2025-02-03 17:19:25 - Patterns [/webjars/**, /**] in 'resourceHandlerMapping'
2025-02-03 17:19:25 - ControllerAdvice beans: 0 @ModelAttribute, 0 @InitBinder, 1 RequestBodyAdvice, 1 ResponseBodyAdvice
2025-02-03 17:19:25 - ControllerAdvice beans: 0 @ExceptionHandler, 1 ResponseBodyAdvice
2025-02-03 17:19:25 - Tomcat started on port 8080 (http) with context path '/'
2025-02-03 17:19:25 - Started BancoTalentosBackendApplication in 3.993 seconds (process running for 4.77)
2025-02-03 17:19:33 - Initializing Spring DispatcherServlet 'dispatcherServlet'
2025-02-03 17:19:33 - Initializing Servlet 'dispatcherServlet'
2025-02-03 17:19:33 - Detected StandardServletMultipartResolver
2025-02-03 17:19:33 - Detected AcceptHeaderLocaleResolver
2025-02-03 17:19:33 - Detected FixedThemeResolver
2025-02-03 17:19:33 - Detected org.springframework.web.servlet.view.DefaultRequestToViewNameTranslator@24f90aff
2025-02-03 17:19:33 - Detected org.springframework.web.servlet.support.SessionFlashMapManager@4f2544b0
2025-02-03 17:19:33 - enableLoggingRequestDetails='false': request parameters and headers will be masked to prevent unsafe logging of potentially sensitive data
2025-02-03 17:19:33 - Completed initialization in 2 ms
2025-02-03 17:19:33 - GET "/bdt/talent/data?talentId=1", parameters={masked}
2025-02-03 17:19:33 - Mapped to com.bdt.bancotalentosbackend.controller.TalentsController#getTalent(Integer, HttpServletRequest)
2025-02-03 17:19:33 - HikariPool-1 - Starting...
2025-02-03 17:19:34 - HikariPool-1 - Added connection ConnectionID:1 ClientConnectionId: 4b8424dc-6da7-4c17-989a-f3eaa37a6a9a
2025-02-03 17:19:34 - HikariPool-1 - Start completed.
2025-02-03 17:19:34 - Using 'application/json', given [*/*] and supported [application/json, application/*+json]
2025-02-03 17:19:34 - Writing [TalentResponse(baseResponse=BaseResponse(idMensaje=1, mensaje=class java.sql.Date cannot be cast to  (truncated)...]
2025-02-03 17:19:34 - Completed 500 INTERNAL_SERVER_ERROR
2025-02-03 17:25:42 - GET "/bdt/talent/data?talentId=1", parameters={masked}
2025-02-03 17:25:42 - Mapped to com.bdt.bancotalentosbackend.controller.TalentsController#getTalent(Integer, HttpServletRequest)
2025-02-03 17:25:42 - Using 'application/json', given [*/*] and supported [application/json, application/*+json]
2025-02-03 17:25:42 - Writing [TalentResponse(baseResponse=BaseResponse(idMensaje=2, mensaje=Se realizó la consulta correctamente), (truncated)...]
2025-02-03 17:25:42 - Completed 200 OK
2025-02-03 17:29:13 - Commencing graceful shutdown. Waiting for active requests to complete
2025-02-03 17:29:13 - Graceful shutdown complete
2025-02-03 17:29:13 - Closing JPA EntityManagerFactory for persistence unit 'default'
2025-02-03 17:29:13 - HikariPool-1 - Shutdown initiated...
2025-02-03 17:29:13 - HikariPool-1 - Shutdown completed.
2025-02-03 17:29:18 - Starting BancoTalentosBackendApplication using Java 21.0.4 with PID 1584 (D:\Job\java\Backend_BancoTalentos_v2.0\target\classes started by max12 in D:\Job\java\Backend_BancoTalentos_v2.0)
2025-02-03 17:29:18 - The following 1 profile is active: "dev"
2025-02-03 17:29:18 - Bootstrapping Spring Data JPA repositories in DEFAULT mode.
2025-02-03 17:29:18 - Finished Spring Data repository scanning in 14 ms. Found 0 JPA repository interfaces.
2025-02-03 17:29:18 - Tomcat initialized with port 8080 (http)
2025-02-03 17:29:19 - Starting service [Tomcat]
2025-02-03 17:29:19 - Starting Servlet engine: [Apache Tomcat/10.1.34]
2025-02-03 17:29:19 - Initializing Spring embedded WebApplicationContext
2025-02-03 17:29:19 - Root WebApplicationContext: initialization completed in 1005 ms
2025-02-03 17:29:19 - HHH000204: Processing PersistenceUnitInfo [name: default]
2025-02-03 17:29:19 - HHH000412: Hibernate ORM core version 6.6.5.Final
2025-02-03 17:29:19 - HHH000026: Second-level cache disabled
2025-02-03 17:29:19 - No LoadTimeWeaver setup: ignoring JPA class transformer
2025-02-03 17:29:19 - HHH90000025: SQLServerDialect does not need to be specified explicitly using 'hibernate.dialect' (remove the property setting and it will be selected by default)
2025-02-03 17:29:19 - HHH10001005: Database info:
	Database JDBC URL [undefined/unknown]
	Database driver: undefined/unknown
	Database version: 11.0
	Autocommit mode: undefined/unknown
	Isolation level: <unknown>
	Minimum pool size: undefined/unknown
	Maximum pool size: undefined/unknown
2025-02-03 17:29:19 - HHH000489: No JTA platform available (set 'hibernate.transaction.jta.platform' to enable JTA platform integration)
2025-02-03 17:29:19 - Initialized JPA EntityManagerFactory for persistence unit 'default'
2025-02-03 17:29:19 - spring.jpa.open-in-view is enabled by default. Therefore, database queries may be performed during view rendering. Explicitly configure spring.jpa.open-in-view to disable this warning
2025-02-03 17:29:20 - 6 mappings in 'requestMappingHandlerMapping'
2025-02-03 17:29:20 - Patterns [/webjars/**, /**] in 'resourceHandlerMapping'
2025-02-03 17:29:20 - ControllerAdvice beans: 0 @ModelAttribute, 0 @InitBinder, 1 RequestBodyAdvice, 1 ResponseBodyAdvice
2025-02-03 17:29:20 - ControllerAdvice beans: 0 @ExceptionHandler, 1 ResponseBodyAdvice
2025-02-03 17:29:20 - Tomcat started on port 8080 (http) with context path '/'
2025-02-03 17:29:20 - Started BancoTalentosBackendApplication in 2.778 seconds (process running for 3.374)
2025-02-03 17:29:27 - Initializing Spring DispatcherServlet 'dispatcherServlet'
2025-02-03 17:29:27 - Initializing Servlet 'dispatcherServlet'
2025-02-03 17:29:27 - Detected StandardServletMultipartResolver
2025-02-03 17:29:27 - Detected AcceptHeaderLocaleResolver
2025-02-03 17:29:27 - Detected FixedThemeResolver
2025-02-03 17:29:27 - Detected org.springframework.web.servlet.view.DefaultRequestToViewNameTranslator@27a0e6ce
2025-02-03 17:29:27 - Detected org.springframework.web.servlet.support.SessionFlashMapManager@236a4d30
2025-02-03 17:29:27 - enableLoggingRequestDetails='false': request parameters and headers will be masked to prevent unsafe logging of potentially sensitive data
2025-02-03 17:29:27 - Completed initialization in 2 ms
2025-02-03 17:29:27 - GET "/bdt/talent/data?talentId=1", parameters={masked}
2025-02-03 17:29:27 - Mapped to com.bdt.bancotalentosbackend.controller.TalentsController#getTalent(Integer, HttpServletRequest)
2025-02-03 17:29:28 - HikariPool-1 - Starting...
2025-02-03 17:29:28 - HikariPool-1 - Added connection ConnectionID:1 ClientConnectionId: 78ec75a7-77b3-4aa5-a82d-64e379e785be
2025-02-03 17:29:28 - HikariPool-1 - Start completed.
2025-02-03 17:29:28 - Using 'application/json', given [*/*] and supported [application/json, application/*+json]
2025-02-03 17:29:28 - Writing [TalentResponse(baseResponse=BaseResponse(idMensaje=2, mensaje=Se realizó la consulta correctamente), (truncated)...]
2025-02-03 17:29:28 - Completed 200 OK
2025-02-03 17:30:07 - Commencing graceful shutdown. Waiting for active requests to complete
2025-02-03 17:30:07 - Graceful shutdown complete
2025-02-03 17:30:07 - Closing JPA EntityManagerFactory for persistence unit 'default'
2025-02-03 17:30:07 - HikariPool-1 - Shutdown initiated...
2025-02-03 17:30:07 - HikariPool-1 - Shutdown completed.
2025-02-03 17:30:24 - Starting BancoTalentosBackendApplication using Java 21.0.4 with PID 7416 (D:\Job\java\Backend_BancoTalentos_v2.0\target\classes started by max12 in D:\Job\java\Backend_BancoTalentos_v2.0)
2025-02-03 17:30:24 - The following 1 profile is active: "dev"
2025-02-03 17:30:24 - Bootstrapping Spring Data JPA repositories in DEFAULT mode.
2025-02-03 17:30:24 - Finished Spring Data repository scanning in 12 ms. Found 0 JPA repository interfaces.
2025-02-03 17:30:25 - Tomcat initialized with port 8080 (http)
2025-02-03 17:30:25 - Starting service [Tomcat]
2025-02-03 17:30:25 - Starting Servlet engine: [Apache Tomcat/10.1.34]
2025-02-03 17:30:25 - Initializing Spring embedded WebApplicationContext
2025-02-03 17:30:25 - Root WebApplicationContext: initialization completed in 970 ms
2025-02-03 17:30:25 - HHH000204: Processing PersistenceUnitInfo [name: default]
2025-02-03 17:30:25 - HHH000412: Hibernate ORM core version 6.6.5.Final
2025-02-03 17:30:25 - HHH000026: Second-level cache disabled
2025-02-03 17:30:25 - No LoadTimeWeaver setup: ignoring JPA class transformer
2025-02-03 17:30:25 - HHH90000025: SQLServerDialect does not need to be specified explicitly using 'hibernate.dialect' (remove the property setting and it will be selected by default)
2025-02-03 17:30:25 - HHH10001005: Database info:
	Database JDBC URL [undefined/unknown]
	Database driver: undefined/unknown
	Database version: 11.0
	Autocommit mode: undefined/unknown
	Isolation level: <unknown>
	Minimum pool size: undefined/unknown
	Maximum pool size: undefined/unknown
2025-02-03 17:30:25 - HHH000489: No JTA platform available (set 'hibernate.transaction.jta.platform' to enable JTA platform integration)
2025-02-03 17:30:25 - Initialized JPA EntityManagerFactory for persistence unit 'default'
2025-02-03 17:30:26 - spring.jpa.open-in-view is enabled by default. Therefore, database queries may be performed during view rendering. Explicitly configure spring.jpa.open-in-view to disable this warning
2025-02-03 17:30:26 - 6 mappings in 'requestMappingHandlerMapping'
2025-02-03 17:30:26 - Patterns [/webjars/**, /**] in 'resourceHandlerMapping'
2025-02-03 17:30:26 - ControllerAdvice beans: 0 @ModelAttribute, 0 @InitBinder, 1 RequestBodyAdvice, 1 ResponseBodyAdvice
2025-02-03 17:30:26 - ControllerAdvice beans: 0 @ExceptionHandler, 1 ResponseBodyAdvice
2025-02-03 17:30:26 - Tomcat started on port 8080 (http) with context path '/'
2025-02-03 17:30:26 - Started BancoTalentosBackendApplication in 2.667 seconds (process running for 3.221)
2025-02-03 17:30:35 - Initializing Spring DispatcherServlet 'dispatcherServlet'
2025-02-03 17:30:35 - Initializing Servlet 'dispatcherServlet'
2025-02-03 17:30:35 - Detected StandardServletMultipartResolver
2025-02-03 17:30:35 - Detected AcceptHeaderLocaleResolver
2025-02-03 17:30:35 - Detected FixedThemeResolver
2025-02-03 17:30:35 - Detected org.springframework.web.servlet.view.DefaultRequestToViewNameTranslator@2b80497f
2025-02-03 17:30:35 - Detected org.springframework.web.servlet.support.SessionFlashMapManager@736788b
2025-02-03 17:30:35 - enableLoggingRequestDetails='false': request parameters and headers will be masked to prevent unsafe logging of potentially sensitive data
2025-02-03 17:30:35 - Completed initialization in 2 ms
2025-02-03 17:30:35 - GET "/bdt/talent/data?talentId=1", parameters={masked}
2025-02-03 17:30:35 - Mapped to com.bdt.bancotalentosbackend.controller.TalentsController#getTalent(Integer, HttpServletRequest)
2025-02-03 17:30:35 - HikariPool-1 - Starting...
2025-02-03 17:30:35 - HikariPool-1 - Added connection ConnectionID:1 ClientConnectionId: 5a27f76f-6528-45b6-ba28-a364e35039d8
2025-02-03 17:30:35 - HikariPool-1 - Start completed.
2025-02-03 17:30:36 - Using 'application/json', given [*/*] and supported [application/json, application/*+json]
2025-02-03 17:30:36 - Writing [TalentResponse(baseResponse=BaseResponse(idMensaje=2, mensaje=Se realizó la consulta correctamente), (truncated)...]
2025-02-03 17:30:36 - Completed 200 OK
2025-02-03 17:30:51 - Commencing graceful shutdown. Waiting for active requests to complete
2025-02-03 17:30:51 - Graceful shutdown complete
2025-02-03 17:30:51 - Closing JPA EntityManagerFactory for persistence unit 'default'
2025-02-03 17:30:51 - HikariPool-1 - Shutdown initiated...
2025-02-03 17:30:51 - HikariPool-1 - Shutdown completed.
2025-02-03 17:40:40 - Starting BancoTalentosBackendApplication using Java 21.0.4 with PID 2832 (D:\Job\java\Backend_BancoTalentos_v2.0\target\classes started by max12 in D:\Job\java\Backend_BancoTalentos_v2.0)
2025-02-03 17:40:40 - The following 1 profile is active: "dev"
2025-02-03 17:40:41 - Bootstrapping Spring Data JPA repositories in DEFAULT mode.
2025-02-03 17:40:41 - Finished Spring Data repository scanning in 12 ms. Found 0 JPA repository interfaces.
2025-02-03 17:40:41 - Tomcat initialized with port 8080 (http)
2025-02-03 17:40:41 - Starting service [Tomcat]
2025-02-03 17:40:41 - Starting Servlet engine: [Apache Tomcat/10.1.34]
2025-02-03 17:40:41 - Initializing Spring embedded WebApplicationContext
2025-02-03 17:40:41 - Root WebApplicationContext: initialization completed in 1049 ms
2025-02-03 17:40:41 - HHH000204: Processing PersistenceUnitInfo [name: default]
2025-02-03 17:40:41 - HHH000412: Hibernate ORM core version 6.6.5.Final
2025-02-03 17:40:41 - HHH000026: Second-level cache disabled
2025-02-03 17:40:42 - No LoadTimeWeaver setup: ignoring JPA class transformer
2025-02-03 17:40:42 - HHH90000025: SQLServerDialect does not need to be specified explicitly using 'hibernate.dialect' (remove the property setting and it will be selected by default)
2025-02-03 17:40:42 - HHH10001005: Database info:
	Database JDBC URL [undefined/unknown]
	Database driver: undefined/unknown
	Database version: 11.0
	Autocommit mode: undefined/unknown
	Isolation level: <unknown>
	Minimum pool size: undefined/unknown
	Maximum pool size: undefined/unknown
2025-02-03 17:40:42 - HHH000489: No JTA platform available (set 'hibernate.transaction.jta.platform' to enable JTA platform integration)
2025-02-03 17:40:42 - Initialized JPA EntityManagerFactory for persistence unit 'default'
2025-02-03 17:40:42 - spring.jpa.open-in-view is enabled by default. Therefore, database queries may be performed during view rendering. Explicitly configure spring.jpa.open-in-view to disable this warning
2025-02-03 17:40:42 - 6 mappings in 'requestMappingHandlerMapping'
2025-02-03 17:40:42 - Patterns [/webjars/**, /**] in 'resourceHandlerMapping'
2025-02-03 17:40:42 - ControllerAdvice beans: 0 @ModelAttribute, 0 @InitBinder, 1 RequestBodyAdvice, 1 ResponseBodyAdvice
2025-02-03 17:40:42 - ControllerAdvice beans: 0 @ExceptionHandler, 1 ResponseBodyAdvice
2025-02-03 17:40:42 - Tomcat started on port 8080 (http) with context path '/'
2025-02-03 17:40:42 - Started BancoTalentosBackendApplication in 2.882 seconds (process running for 3.468)
2025-02-03 17:40:54 - Initializing Spring DispatcherServlet 'dispatcherServlet'
2025-02-03 17:40:54 - Initializing Servlet 'dispatcherServlet'
2025-02-03 17:40:54 - Detected StandardServletMultipartResolver
2025-02-03 17:40:54 - Detected AcceptHeaderLocaleResolver
2025-02-03 17:40:54 - Detected FixedThemeResolver
2025-02-03 17:40:54 - Detected org.springframework.web.servlet.view.DefaultRequestToViewNameTranslator@2b80497f
2025-02-03 17:40:54 - Detected org.springframework.web.servlet.support.SessionFlashMapManager@736788b
2025-02-03 17:40:54 - enableLoggingRequestDetails='false': request parameters and headers will be masked to prevent unsafe logging of potentially sensitive data
2025-02-03 17:40:54 - Completed initialization in 0 ms
2025-02-03 17:40:54 - GET "/bdt/talent/data?talentId=2", parameters={masked}
2025-02-03 17:40:54 - Mapped to com.bdt.bancotalentosbackend.controller.TalentsController#getTalent(Integer, HttpServletRequest)
2025-02-03 17:40:54 - HikariPool-1 - Starting...
2025-02-03 17:40:55 - HikariPool-1 - Added connection ConnectionID:1 ClientConnectionId: 07cda480-3098-405f-96c2-ccf6c8a72e76
2025-02-03 17:40:55 - HikariPool-1 - Start completed.
2025-02-03 17:40:55 - Using 'application/json', given [*/*] and supported [application/json, application/*+json]
2025-02-03 17:40:55 - Writing [TalentResponse(baseResponse=BaseResponse(idMensaje=2, mensaje=Se realizó la consulta correctamente), (truncated)...]
2025-02-03 17:40:55 - Completed 200 OK
2025-02-03 17:41:35 - Commencing graceful shutdown. Waiting for active requests to complete
2025-02-03 17:41:35 - Graceful shutdown complete
2025-02-03 17:41:35 - Closing JPA EntityManagerFactory for persistence unit 'default'
2025-02-03 17:41:35 - HikariPool-1 - Shutdown initiated...
2025-02-03 17:41:35 - HikariPool-1 - Shutdown completed.
